<?xml version="1.0" encoding="UTF-8"?>
<!-- Generated by org.testng.reporters.JUnitReportReporter -->
<testsuite hostname="DESKTOP-0FN116K" failures="0" tests="1" name="Academy.editUserTest" time="43.035" errors="0" timestamp="2021-10-21T21:12:59 IST" skipped="0">
  <testcase classname="Academy.editUserTest" name="basePageNavigation" time="43.035"/>
  <system-out/>
</testsuite> <!-- Academy.editUserTest -->
