<?xml version="1.0" encoding="UTF-8"?>
<!-- Generated by org.testng.reporters.JUnitReportReporter -->
<testsuite hostname="DESKTOP-0FN116K" failures="0" tests="1" name="Academy.createUserTest" time="62.004" errors="0" timestamp="2021-10-22T11:19:13 IST" skipped="0">
  <testcase classname="Academy.createUserTest" name="basePageNavigation" time="62.004"/>
  <system-out/>
</testsuite> <!-- Academy.createUserTest -->
